<?xml version="1.0" encoding="UTF-8"?>
<coverage generated="1773715744667" clover="3.2.0">
  <project timestamp="1773715744667" name="All files">
    <metrics statements="30" coveredstatements="30" conditionals="10" coveredconditionals="10" methods="1" coveredmethods="1" elements="41" coveredelements="41" complexity="0" loc="30" ncloc="30" packages="1" files="1" classes="1"/>
    <file name="Merge.ts" path="C:\Users\User\Desktop\primo_Test\Function\Merge.ts">
      <metrics statements="30" coveredstatements="30" conditionals="10" coveredconditionals="10" methods="1" coveredmethods="1"/>
      <line num="1" count="1" type="stmt"/>
      <line num="3" count="3" type="stmt"/>
      <line num="4" count="3" type="stmt"/>
      <line num="5" count="3" type="stmt"/>
      <line num="7" count="3" type="stmt"/>
      <line num="9" count="3" type="stmt"/>
      <line num="10" count="3" type="stmt"/>
      <line num="11" count="3" type="stmt"/>
      <line num="13" count="3" type="cond" truecount="3" falsecount="0"/>
      <line num="18" count="27" type="stmt"/>
      <line num="19" count="27" type="stmt"/>
      <line num="20" count="27" type="stmt"/>
      <line num="22" count="27" type="cond" truecount="1" falsecount="0"/>
      <line num="24" count="13" type="stmt"/>
      <line num="26" count="27" type="cond" truecount="1" falsecount="0"/>
      <line num="28" count="20" type="stmt"/>
      <line num="30" count="27" type="cond" truecount="1" falsecount="0"/>
      <line num="32" count="27" type="stmt"/>
      <line num="35" count="27" type="stmt"/>
      <line num="37" count="27" type="stmt"/>
      <line num="39" count="27" type="cond" truecount="2" falsecount="0"/>
      <line num="41" count="9" type="stmt"/>
      <line num="42" count="18" type="cond" truecount="2" falsecount="0"/>
      <line num="44" count="9" type="stmt"/>
      <line num="47" count="9" type="stmt"/>
      <line num="51" count="3" type="stmt"/>
      <line num="54" count="1" type="stmt"/>
      <line num="55" count="1" type="stmt"/>
      <line num="56" count="1" type="stmt"/>
      <line num="58" count="1" type="stmt"/>
    </file>
  </project>
</coverage>
