{"C:\\Users\\User\\Desktop\\primo_Test\\Function\\Merge.ts": {"path":"C:\\Users\\User\\Desktop\\primo_Test\\Function\\Merge.ts","statementMap":{"0":{"start":{"line":1,"column":0},"end":{"line":1,"column":16}},"1":{"start":{"line":3,"column":22},"end":{"line":3,"column":40}},"2":{"start":{"line":4,"column":22},"end":{"line":4,"column":40}},"3":{"start":{"line":5,"column":22},"end":{"line":5,"column":40}},"4":{"start":{"line":7,"column":29},"end":{"line":7,"column":31}},"5":{"start":{"line":9,"column":19},"end":{"line":9,"column":20}},"6":{"start":{"line":10,"column":19},"end":{"line":10,"column":20}},"7":{"start":{"line":11,"column":19},"end":{"line":11,"column":27}},"8":{"start":{"line":13,"column":4},"end":{"line":49,"column":5}},"9":{"start":{"line":18,"column":26},"end":{"line":18,"column":34}},"10":{"start":{"line":19,"column":26},"end":{"line":19,"column":34}},"11":{"start":{"line":20,"column":26},"end":{"line":20,"column":34}},"12":{"start":{"line":22,"column":8},"end":{"line":25,"column":9}},"13":{"start":{"line":24,"column":12},"end":{"line":24,"column":34}},"14":{"start":{"line":26,"column":8},"end":{"line":29,"column":9}},"15":{"start":{"line":28,"column":12},"end":{"line":28,"column":34}},"16":{"start":{"line":30,"column":8},"end":{"line":33,"column":9}},"17":{"start":{"line":32,"column":12},"end":{"line":32,"column":34}},"18":{"start":{"line":35,"column":30},"end":{"line":35,"column":56}},"19":{"start":{"line":37,"column":8},"end":{"line":37,"column":38}},"20":{"start":{"line":39,"column":8},"end":{"line":48,"column":9}},"21":{"start":{"line":41,"column":12},"end":{"line":41,"column":16}},"22":{"start":{"line":42,"column":15},"end":{"line":48,"column":9}},"23":{"start":{"line":44,"column":12},"end":{"line":44,"column":16}},"24":{"start":{"line":47,"column":12},"end":{"line":47,"column":16}},"25":{"start":{"line":51,"column":4},"end":{"line":51,"column":null}},"26":{"start":{"line":54,"column":14},"end":{"line":54,"column":21}},"27":{"start":{"line":55,"column":14},"end":{"line":55,"column":21}},"28":{"start":{"line":56,"column":14},"end":{"line":56,"column":21}},"29":{"start":{"line":58,"column":0},"end":{"line":58,"column":48}}},"fnMap":{"0":{"name":"merge_collection","decl":{"start":{"line":1,"column":16},"end":{"line":1,"column":32}},"loc":{"start":{"line":1,"column":97},"end":{"line":52,"column":1}}}},"branchMap":{"0":{"loc":{"start":{"line":13,"column":10},"end":{"line":15,"column":17}},"type":"binary-expr","locations":[{"start":{"line":13,"column":10},"end":{"line":13,"column":18}},{"start":{"line":14,"column":11},"end":{"line":14,"column":19}},{"start":{"line":15,"column":11},"end":{"line":15,"column":17}}]},"1":{"loc":{"start":{"line":22,"column":8},"end":{"line":25,"column":9}},"type":"if","locations":[{"start":{"line":22,"column":8},"end":{"line":25,"column":9}}]},"2":{"loc":{"start":{"line":26,"column":8},"end":{"line":29,"column":9}},"type":"if","locations":[{"start":{"line":26,"column":8},"end":{"line":29,"column":9}}]},"3":{"loc":{"start":{"line":30,"column":8},"end":{"line":33,"column":9}},"type":"if","locations":[{"start":{"line":30,"column":8},"end":{"line":33,"column":9}}]},"4":{"loc":{"start":{"line":39,"column":8},"end":{"line":48,"column":9}},"type":"if","locations":[{"start":{"line":39,"column":8},"end":{"line":48,"column":9}},{"start":{"line":42,"column":15},"end":{"line":48,"column":9}}]},"5":{"loc":{"start":{"line":42,"column":15},"end":{"line":48,"column":9}},"type":"if","locations":[{"start":{"line":42,"column":15},"end":{"line":48,"column":9}},{"start":{"line":46,"column":8},"end":{"line":48,"column":9}}]}},"s":{"0":1,"1":3,"2":3,"3":3,"4":3,"5":3,"6":3,"7":3,"8":3,"9":27,"10":27,"11":27,"12":27,"13":13,"14":27,"15":20,"16":27,"17":27,"18":27,"19":27,"20":27,"21":9,"22":18,"23":9,"24":9,"25":3,"26":1,"27":1,"28":1,"29":1},"f":{"0":3},"b":{"0":[30,17,10],"1":[13],"2":[20],"3":[27],"4":[9,18],"5":[9,9]}}
}
