TN:
SF:Function\Merge.ts
FN:1,merge_collection
FNF:1
FNH:1
FNDA:3,merge_collection
DA:1,1
DA:3,3
DA:4,3
DA:5,3
DA:7,3
DA:9,3
DA:10,3
DA:11,3
DA:13,3
DA:18,27
DA:19,27
DA:20,27
DA:22,27
DA:24,13
DA:26,27
DA:28,20
DA:30,27
DA:32,27
DA:35,27
DA:37,27
DA:39,27
DA:41,9
DA:42,18
DA:44,9
DA:47,9
DA:51,3
DA:54,1
DA:55,1
DA:56,1
DA:58,1
LF:30
LH:30
BRDA:13,0,0,30
BRDA:13,0,1,17
BRDA:13,0,2,10
BRDA:22,1,0,13
BRDA:26,2,0,20
BRDA:30,3,0,27
BRDA:39,4,0,9
BRDA:39,4,1,18
BRDA:42,5,0,9
BRDA:42,5,1,9
BRF:10
BRH:10
end_of_record
